<?xml version="1.0" encoding="UTF-8"?>
<!-- Generated by org.testng.reporters.JUnitReportReporter -->
<testsuite hostname="BLRCT-C02GK3Q9M.local" failures="0" tests="1" name="TestScripts.registerDemoWebShop" time="5.209" errors="0" timestamp="2024-01-06T13:57:18 IST" skipped="0">
  <testcase classname="TestScripts.registerDemoWebShop" name="register" time="5.209"/>
</testsuite> <!-- TestScripts.registerDemoWebShop -->
