<?xml version="1.0" encoding="UTF-8"?>
<!-- Generated by org.testng.reporters.JUnitReportReporter -->
<testsuite hostname="BLRCT-C02GK3Q9M.local" failures="0" tests="1" name="TestScripts.registerDemoWebShopTest" time="25.254" errors="0" timestamp="2024-01-06T22:55:24 IST" skipped="0">
  <testcase classname="TestScripts.registerDemoWebShopTest" name="register" time="25.254"/>
</testsuite> <!-- TestScripts.registerDemoWebShopTest -->
