<?xml version="1.0" encoding="UTF-8"?>
<!-- Generated by org.testng.reporters.JUnitReportReporter -->
<testsuite hostname="BLRCT-C02GK3Q9M.local" failures="0" tests="1" name="TestScripts.Place_OrderTest" time="20.687" errors="0" timestamp="2024-01-13T11:30:23 IST" skipped="0">
  <testcase classname="TestScripts.Place_OrderTest" name="placeOrder" time="20.687">
    <system-out>
      <![CDATA[Test is passed]]>
    </system-out>
  </testcase> <!-- placeOrder -->
  <system-out>
    <![CDATA[Test is passed]]>
  </system-out>
</testsuite> <!-- TestScripts.Place_OrderTest -->
