<?xml version="1.0" encoding="UTF-8"?>
<!-- Generated by org.testng.reporters.JUnitReportReporter -->
<testsuite hostname="BLRCT-C02GK3Q9M.local" failures="0" tests="1" name="TestScripts.Cart_ShoppingTest" time="7.612" errors="0" timestamp="2024-01-13T11:29:15 IST" skipped="0">
  <testcase classname="TestScripts.Cart_ShoppingTest" name="addToCart" time="7.612">
    <system-out>
      <![CDATA[Add to cart test passed]]>
    </system-out>
  </testcase> <!-- addToCart -->
  <system-out>
    <![CDATA[Add to cart test passed]]>
  </system-out>
</testsuite> <!-- TestScripts.Cart_ShoppingTest -->
